<?xml version="1.0" encoding="UTF-8"?>
<!-- Generated by org.testng.reporters.JUnitXMLReporter -->
<testsuite ignored="0" hostname="DESKTOP-H9GVHJJ" failures="0" tests="3" name="Default test" time="14.525" errors="0" timestamp="2024-03-03T14:42:26 ICT">
  <testcase classname="automation.testsuite.LoginTest" name="loginFailIncorrectEmail" time="1.032"/>
  <testcase classname="automation.testsuite.LoginTest" name="loginFailIncorrectPass" time="0.917"/>
  <testcase classname="automation.testsuite.LoginTest" name="loginSuccessfully" time="1.792"/>
</testsuite> <!-- Default test -->
