<?xml version="1.0" encoding="UTF-8"?>
<!-- Generated by org.testng.reporters.JUnitXMLReporter -->
<testsuite ignored="2" hostname="DESKTOP-H9GVHJJ" failures="0" tests="1" name="Default test" time="28.947" errors="0" timestamp="2024-03-30T09:44:14 ICT">
  <testcase classname="automation.testsuite.FinalProject" name="deleteProjectSuccessfully" time="24.189"/>
  <testcase classname="automation.testsuite.FinalProject" name="addProjectSuccessfully" time="0.0">
    <ignored/>
  </testcase> <!-- addProjectSuccessfully -->
  <testcase classname="automation.testsuite.FinalProject" name="editProjectSuccessfully" time="0.0">
    <ignored/>
  </testcase> <!-- editProjectSuccessfully -->
</testsuite> <!-- Default test -->
